[0.000000] (-) TimerEvent: {}
[0.000399] (f1tenth_gym_ros) JobQueued: {'identifier': 'f1tenth_gym_ros', 'dependencies': OrderedDict()}
[0.000972] (f1tenth_gym_ros) JobStarted: {'identifier': 'f1tenth_gym_ros'}
[0.099602] (-) TimerEvent: {}
[0.200226] (-) TimerEvent: {}
[0.288115] (f1tenth_gym_ros) Command: {'cmd': ['/usr/bin/python3', 'setup.py', 'egg_info', '--egg-base', '../../build/f1tenth_gym_ros', 'build', '--build-base', '/sim_ws/build/f1tenth_gym_ros/build', 'install', '--record', '/sim_ws/build/f1tenth_gym_ros/install.log', '--install-scripts', '$base/lib/f1tenth_gym_ros', '--single-version-externally-managed'], 'cwd': '/sim_ws/src/f1tenth_gym_ros', 'env': {'HOSTNAME': 'f1tenth_gym_ros', 'SHLVL': '1', 'LD_LIBRARY_PATH': '/opt/ros/foxy/opt/yaml_cpp_vendor/lib:/opt/ros/foxy/opt/rviz_ogre_vendor/lib:/opt/ros/foxy/lib/aarch64-linux-gnu:/opt/ros/foxy/lib', 'HOME': '/root', 'OLDPWD': '/', 'ROS_PYTHON_VERSION': '3', 'ROS_DISTRO': 'foxy', '_': '/usr/bin/colcon', 'ROS_VERSION': '2', 'TERM': 'xterm', 'ROS_LOCALHOST_ONLY': '0', 'QT_X11_NO_MITSHM': '1', 'PATH': '/opt/ros/foxy/bin:/usr/local/sbin:/usr/local/bin:/usr/sbin:/usr/bin:/sbin:/bin', 'DISPLAY': ':0', 'LANG': 'C.UTF-8', 'AMENT_PREFIX_PATH': '/opt/ros/foxy', 'PWD': '/sim_ws/build/f1tenth_gym_ros', 'LC_ALL': 'C.UTF-8', 'PYTHONPATH': '/sim_ws/build/f1tenth_gym_ros/prefix_override:/sim_ws/install/f1tenth_gym_ros/lib/python3.8/site-packages:/opt/ros/foxy/lib/python3.8/site-packages', 'COLCON': '1'}, 'shell': False}
[0.300823] (-) TimerEvent: {}
[0.366955] (f1tenth_gym_ros) StdoutLine: {'line': b'running egg_info\n'}
[0.367383] (f1tenth_gym_ros) StdoutLine: {'line': b'creating ../../build/f1tenth_gym_ros/f1tenth_gym_ros.egg-info\n'}
[0.367853] (f1tenth_gym_ros) StdoutLine: {'line': b'writing ../../build/f1tenth_gym_ros/f1tenth_gym_ros.egg-info/PKG-INFO\n'}
[0.369030] (f1tenth_gym_ros) StdoutLine: {'line': b'writing dependency_links to ../../build/f1tenth_gym_ros/f1tenth_gym_ros.egg-info/dependency_links.txt\n'}
[0.369785] (f1tenth_gym_ros) StdoutLine: {'line': b'writing entry points to ../../build/f1tenth_gym_ros/f1tenth_gym_ros.egg-info/entry_points.txt\n'}
[0.370406] (f1tenth_gym_ros) StdoutLine: {'line': b'writing requirements to ../../build/f1tenth_gym_ros/f1tenth_gym_ros.egg-info/requires.txt\n'}
[0.370988] (f1tenth_gym_ros) StdoutLine: {'line': b'writing top-level names to ../../build/f1tenth_gym_ros/f1tenth_gym_ros.egg-info/top_level.txt\n'}
[0.373330] (f1tenth_gym_ros) StdoutLine: {'line': b"writing manifest file '../../build/f1tenth_gym_ros/f1tenth_gym_ros.egg-info/SOURCES.txt'\n"}
[0.392225] (f1tenth_gym_ros) StdoutLine: {'line': b"reading manifest file '../../build/f1tenth_gym_ros/f1tenth_gym_ros.egg-info/SOURCES.txt'\n"}
[0.393272] (f1tenth_gym_ros) StdoutLine: {'line': b"writing manifest file '../../build/f1tenth_gym_ros/f1tenth_gym_ros.egg-info/SOURCES.txt'\n"}
[0.393748] (f1tenth_gym_ros) StdoutLine: {'line': b'running build\n'}
[0.394012] (f1tenth_gym_ros) StdoutLine: {'line': b'running build_py\n'}
[0.394401] (f1tenth_gym_ros) StdoutLine: {'line': b'creating /sim_ws/build/f1tenth_gym_ros/build\n'}
[0.394677] (f1tenth_gym_ros) StdoutLine: {'line': b'creating /sim_ws/build/f1tenth_gym_ros/build/lib\n'}
[0.394938] (f1tenth_gym_ros) StdoutLine: {'line': b'creating /sim_ws/build/f1tenth_gym_ros/build/lib/f1tenth_gym_ros\n'}
[0.395277] (f1tenth_gym_ros) StdoutLine: {'line': b'copying f1tenth_gym_ros/__init__.py -> /sim_ws/build/f1tenth_gym_ros/build/lib/f1tenth_gym_ros\n'}
[0.396121] (f1tenth_gym_ros) StdoutLine: {'line': b'copying f1tenth_gym_ros/gym_bridge.py -> /sim_ws/build/f1tenth_gym_ros/build/lib/f1tenth_gym_ros\n'}
[0.398202] (f1tenth_gym_ros) StdoutLine: {'line': b'running install\n'}
[0.398650] (f1tenth_gym_ros) StdoutLine: {'line': b'running install_lib\n'}
[0.399652] (f1tenth_gym_ros) StdoutLine: {'line': b'creating /sim_ws/install/f1tenth_gym_ros/lib/python3.8/site-packages/f1tenth_gym_ros\n'}
[0.400132] (f1tenth_gym_ros) StdoutLine: {'line': b'copying /sim_ws/build/f1tenth_gym_ros/build/lib/f1tenth_gym_ros/__init__.py -> /sim_ws/install/f1tenth_gym_ros/lib/python3.8/site-packages/f1tenth_gym_ros\n'}
[0.400894] (-) TimerEvent: {}
[0.401454] (f1tenth_gym_ros) StdoutLine: {'line': b'copying /sim_ws/build/f1tenth_gym_ros/build/lib/f1tenth_gym_ros/gym_bridge.py -> /sim_ws/install/f1tenth_gym_ros/lib/python3.8/site-packages/f1tenth_gym_ros\n'}
[0.403005] (f1tenth_gym_ros) StdoutLine: {'line': b'byte-compiling /sim_ws/install/f1tenth_gym_ros/lib/python3.8/site-packages/f1tenth_gym_ros/__init__.py to __init__.cpython-38.pyc\n'}
[0.404953] (f1tenth_gym_ros) StdoutLine: {'line': b'byte-compiling /sim_ws/install/f1tenth_gym_ros/lib/python3.8/site-packages/f1tenth_gym_ros/gym_bridge.py to gym_bridge.cpython-38.pyc\n'}
[0.409255] (f1tenth_gym_ros) StdoutLine: {'line': b'running install_data\n'}
[0.409679] (f1tenth_gym_ros) StdoutLine: {'line': b'creating /sim_ws/install/f1tenth_gym_ros/share/ament_index\n'}
[0.409899] (f1tenth_gym_ros) StdoutLine: {'line': b'creating /sim_ws/install/f1tenth_gym_ros/share/ament_index/resource_index\n'}
[0.410130] (f1tenth_gym_ros) StdoutLine: {'line': b'creating /sim_ws/install/f1tenth_gym_ros/share/ament_index/resource_index/packages\n'}
[0.410493] (f1tenth_gym_ros) StdoutLine: {'line': b'copying resource/f1tenth_gym_ros -> /sim_ws/install/f1tenth_gym_ros/share/ament_index/resource_index/packages\n'}
[0.412429] (f1tenth_gym_ros) StdoutLine: {'line': b'copying package.xml -> /sim_ws/install/f1tenth_gym_ros/share/f1tenth_gym_ros\n'}
[0.413576] (f1tenth_gym_ros) StdoutLine: {'line': b'creating /sim_ws/install/f1tenth_gym_ros/share/f1tenth_gym_ros/launch\n'}
[0.413921] (f1tenth_gym_ros) StdoutLine: {'line': b'copying launch/gym_bridge_launch.py -> /sim_ws/install/f1tenth_gym_ros/share/f1tenth_gym_ros/launch\n'}
[0.415212] (f1tenth_gym_ros) StdoutLine: {'line': b'copying launch/opp_racecar.xacro -> /sim_ws/install/f1tenth_gym_ros/share/f1tenth_gym_ros/launch\n'}
[0.416290] (f1tenth_gym_ros) StdoutLine: {'line': b'copying launch/ego_racecar.xacro -> /sim_ws/install/f1tenth_gym_ros/share/f1tenth_gym_ros/launch\n'}
[0.417344] (f1tenth_gym_ros) StdoutLine: {'line': b'copying launch/gym_bridge.rviz -> /sim_ws/install/f1tenth_gym_ros/share/f1tenth_gym_ros/launch\n'}
[0.418774] (f1tenth_gym_ros) StdoutLine: {'line': b'creating /sim_ws/install/f1tenth_gym_ros/share/f1tenth_gym_ros/config\n'}
[0.419050] (f1tenth_gym_ros) StdoutLine: {'line': b'copying config/sim.yaml -> /sim_ws/install/f1tenth_gym_ros/share/f1tenth_gym_ros/config\n'}
[0.419895] (f1tenth_gym_ros) StdoutLine: {'line': b'running install_egg_info\n'}
[0.420889] (f1tenth_gym_ros) StdoutLine: {'line': b'Copying ../../build/f1tenth_gym_ros/f1tenth_gym_ros.egg-info to /sim_ws/install/f1tenth_gym_ros/lib/python3.8/site-packages/f1tenth_gym_ros-0.0.0-py3.8.egg-info\n'}
[0.428710] (f1tenth_gym_ros) StdoutLine: {'line': b'running install_scripts\n'}
[0.437503] (f1tenth_gym_ros) StdoutLine: {'line': b'Installing gym_bridge script to /sim_ws/install/f1tenth_gym_ros/lib/f1tenth_gym_ros\n'}
[0.438653] (f1tenth_gym_ros) StdoutLine: {'line': b"writing list of installed files to '/sim_ws/build/f1tenth_gym_ros/install.log'\n"}
[0.450187] (f1tenth_gym_ros) CommandEnded: {'returncode': 0}
[0.470750] (f1tenth_gym_ros) JobEnded: {'identifier': 'f1tenth_gym_ros', 'rc': 0}
[0.471888] (-) EventReactorShutdown: {}
