[0.000000] (-) TimerEvent: {}
[0.001992] (f1tenth_gym_ros) JobQueued: {'identifier': 'f1tenth_gym_ros', 'dependencies': OrderedDict()}
[0.002219] (f1tenth_gym_ros) JobStarted: {'identifier': 'f1tenth_gym_ros'}
[0.100002] (-) TimerEvent: {}
[0.201671] (-) TimerEvent: {}
[0.270137] (f1tenth_gym_ros) Command: {'cmd': ['/usr/bin/python3', 'setup.py', 'egg_info', '--egg-base', '../../build/f1tenth_gym_ros', 'build', '--build-base', '/sim_ws/build/f1tenth_gym_ros/build', 'install', '--record', '/sim_ws/build/f1tenth_gym_ros/install.log', '--install-scripts', '$base/lib/f1tenth_gym_ros', '--single-version-externally-managed'], 'cwd': '/sim_ws/src/f1tenth_gym_ros', 'env': {'HOSTNAME': 'f1tenth_gym_ros', 'SHLVL': '1', 'LD_LIBRARY_PATH': '/opt/ros/foxy/opt/yaml_cpp_vendor/lib:/opt/ros/foxy/opt/rviz_ogre_vendor/lib:/opt/ros/foxy/lib/aarch64-linux-gnu:/opt/ros/foxy/lib', 'HOME': '/root', 'OLDPWD': '/', 'ROS_PYTHON_VERSION': '3', 'COLCON_PREFIX_PATH': '/sim_ws/install', 'ROS_DISTRO': 'foxy', '_': '/usr/bin/colcon', 'ROS_VERSION': '2', 'TERM': 'xterm', 'ROS_LOCALHOST_ONLY': '0', 'QT_X11_NO_MITSHM': '1', 'PATH': '/opt/ros/foxy/bin:/usr/local/sbin:/usr/local/bin:/usr/sbin:/usr/bin:/sbin:/bin', 'DISPLAY': ':0', 'LANG': 'C.UTF-8', 'AMENT_PREFIX_PATH': '/sim_ws/install/f1tenth_gym_ros:/opt/ros/foxy', 'PWD': '/sim_ws/build/f1tenth_gym_ros', 'LC_ALL': 'C.UTF-8', 'PYTHONPATH': '/sim_ws/build/f1tenth_gym_ros/prefix_override:/sim_ws/install/f1tenth_gym_ros/lib/python3.8/site-packages:/sim_ws/install/f1tenth_gym_ros/lib/python3.8/site-packages:/opt/ros/foxy/lib/python3.8/site-packages', 'COLCON': '1'}, 'shell': False}
[0.302573] (-) TimerEvent: {}
[0.351421] (f1tenth_gym_ros) StdoutLine: {'line': b'running egg_info\n'}
[0.351893] (f1tenth_gym_ros) StdoutLine: {'line': b'writing ../../build/f1tenth_gym_ros/f1tenth_gym_ros.egg-info/PKG-INFO\n'}
[0.352716] (f1tenth_gym_ros) StdoutLine: {'line': b'writing dependency_links to ../../build/f1tenth_gym_ros/f1tenth_gym_ros.egg-info/dependency_links.txt\n'}
[0.353455] (f1tenth_gym_ros) StdoutLine: {'line': b'writing entry points to ../../build/f1tenth_gym_ros/f1tenth_gym_ros.egg-info/entry_points.txt\n'}
[0.354081] (f1tenth_gym_ros) StdoutLine: {'line': b'writing requirements to ../../build/f1tenth_gym_ros/f1tenth_gym_ros.egg-info/requires.txt\n'}
[0.354564] (f1tenth_gym_ros) StdoutLine: {'line': b'writing top-level names to ../../build/f1tenth_gym_ros/f1tenth_gym_ros.egg-info/top_level.txt\n'}
[0.375738] (f1tenth_gym_ros) StdoutLine: {'line': b"reading manifest file '../../build/f1tenth_gym_ros/f1tenth_gym_ros.egg-info/SOURCES.txt'\n"}
[0.378913] (f1tenth_gym_ros) StdoutLine: {'line': b"writing manifest file '../../build/f1tenth_gym_ros/f1tenth_gym_ros.egg-info/SOURCES.txt'\n"}
[0.379427] (f1tenth_gym_ros) StdoutLine: {'line': b'running build\n'}
[0.379673] (f1tenth_gym_ros) StdoutLine: {'line': b'running build_py\n'}
[0.380502] (f1tenth_gym_ros) StdoutLine: {'line': b'running install\n'}
[0.381212] (f1tenth_gym_ros) StdoutLine: {'line': b'running install_lib\n'}
[0.383148] (f1tenth_gym_ros) StdoutLine: {'line': b'running install_data\n'}
[0.384296] (f1tenth_gym_ros) StdoutLine: {'line': b'running install_egg_info\n'}
[0.385369] (f1tenth_gym_ros) StdoutLine: {'line': b"removing '/sim_ws/install/f1tenth_gym_ros/lib/python3.8/site-packages/f1tenth_gym_ros-0.0.0-py3.8.egg-info' (and everything under it)\n"}
[0.386965] (f1tenth_gym_ros) StdoutLine: {'line': b'Copying ../../build/f1tenth_gym_ros/f1tenth_gym_ros.egg-info to /sim_ws/install/f1tenth_gym_ros/lib/python3.8/site-packages/f1tenth_gym_ros-0.0.0-py3.8.egg-info\n'}
[0.395146] (f1tenth_gym_ros) StdoutLine: {'line': b'running install_scripts\n'}
[0.403563] (-) TimerEvent: {}
[0.404190] (f1tenth_gym_ros) StdoutLine: {'line': b'Installing gym_bridge script to /sim_ws/install/f1tenth_gym_ros/lib/f1tenth_gym_ros\n'}
[0.405091] (f1tenth_gym_ros) StdoutLine: {'line': b"writing list of installed files to '/sim_ws/build/f1tenth_gym_ros/install.log'\n"}
[0.417174] (f1tenth_gym_ros) CommandEnded: {'returncode': 0}
[0.437862] (f1tenth_gym_ros) JobEnded: {'identifier': 'f1tenth_gym_ros', 'rc': 0}
[0.439052] (-) EventReactorShutdown: {}
